<?xml version="1.0" encoding="UTF-8"?>
<!-- Generated by org.testng.reporters.JUnitReportReporter -->
<testsuite hostname="Geeta" failures="0" tests="1" name="com.practice.java.StringProgram" time="0.010" errors="0" timestamp="2025-06-16T22:31:12 IST" skipped="0">
  <testcase classname="com.practice.java.StringProgram" name="reverseString" time="0.010"/>
</testsuite> <!-- com.practice.java.StringProgram -->
